0 info it worked if it ends with ok
1 verbose cli [ 'C:\\Program Files\\nodejs\\node.exe',
1 verbose cli   'C:\\Program Files\\nodejs\\node_modules\\npm\\bin\\npm-cli.js',
1 verbose cli   'run',
1 verbose cli   'sassy' ]
2 info using npm@3.10.10
3 info using node@v6.11.3
4 verbose run-script [ 'presassy', 'sassy', 'postsassy' ]
5 info lifecycle lifecounterdesk@1.0.0~presassy: lifecounterdesk@1.0.0
6 silly lifecycle lifecounterdesk@1.0.0~presassy: no script for presassy, continuing
7 info lifecycle lifecounterdesk@1.0.0~sassy: lifecounterdesk@1.0.0
8 verbose lifecycle lifecounterdesk@1.0.0~sassy: unsafe-perm in lifecycle true
9 verbose lifecycle lifecounterdesk@1.0.0~sassy: PATH: C:\Program Files\nodejs\node_modules\npm\bin\node-gyp-bin;C:\Users\olibo\webdev\LifeCounterDesk\node_modules\.bin;C:\ProgramData\Oracle\Java\javapath;C:\windows\system32;C:\windows;C:\windows\System32\Wbem;C:\windows\System32\WindowsPowerShell\v1.0\;C:\Program Files\nodejs\;C:\Program Files\RedHat\java-1.8.0-openjdk-1.8.0.144-1\bin;C:\Users\olibo\AppData\Local\Programs\Python\Python36\Scripts\;C:\Users\olibo\AppData\Local\Programs\Python\Python36\;C:\Users\olibo\AppData\Local\Programs\Python\Launcher\;C:\Ruby24-x64\bin;C:\Users\olibo\AppData\Local\Microsoft\WindowsApps;C:\Users\olibo\AppData\Roaming\npm;C:\Program Files\Microsoft VS Code\bin;C:\script;C:\Users\olibo\AppData\Local\GitHubDesktop\bin
10 verbose lifecycle lifecounterdesk@1.0.0~sassy: CWD: C:\Users\olibo\webdev\LifeCounterDesk
11 silly lifecycle lifecounterdesk@1.0.0~sassy: Args: [ '/d /s /c', 'sass --watch style/import:style/export' ]
12 verbose stack Error: kill ENOSYS
12 verbose stack     at exports._errnoException (util.js:1020:11)
12 verbose stack     at process.kill (internal/process.js:190:13)
12 verbose stack     at process.listener (C:\Program Files\nodejs\node_modules\npm\node_modules\npmlog\node_modules\gauge\node_modules\signal-exit\index.js:86:15)
12 verbose stack     at emitNone (events.js:91:20)
12 verbose stack     at process.emit (events.js:185:7)
12 verbose stack     at processEmit (C:\Program Files\nodejs\node_modules\npm\node_modules\npmlog\node_modules\gauge\node_modules\signal-exit\index.js:146:32)
12 verbose stack     at processEmit (C:\Program Files\nodejs\node_modules\npm\node_modules\npm-registry-client\node_modules\npmlog\node_modules\gauge\node_modules\signal-exit\index.js:146:32)
12 verbose stack     at Signal.wrap.onsignal (internal/process.js:217:44)
13 verbose cwd C:\Users\olibo\webdev\LifeCounterDesk
14 error Windows_NT 10.0.15063
15 error argv "C:\\Program Files\\nodejs\\node.exe" "C:\\Program Files\\nodejs\\node_modules\\npm\\bin\\npm-cli.js" "run" "sassy"
16 error node v6.11.3
17 error npm  v3.10.10
18 error code ENOSYS
19 error errno ENOSYS
20 error syscall kill
21 error kill ENOSYS
22 error If you need help, you may report this error at:
22 error     <https://github.com/npm/npm/issues>
23 verbose exit [ 1, true ]
